LibreriaTelemetria/AARTelemetria/build/intermediates/manifest_merge_blame_file/debug/processDebugManifest/manifest-merger-blame-debug-report.txt
1<?xml version="1.0" encoding="utf-8"?>
2<manifest xmlns:android="http://schemas.android.com/apk/res/android"
3    package="io.github.migueldulu.telemetria" >
4
5    <uses-sdk android:minSdkVersion="29" />
6
7    <uses-permission android:name="android.permission.INTERNET" />
7-->src\main\AndroidManifest.xml:2:5-66
7-->src\main\AndroidManifest.xml:2:22-64
8
9    <application android:allowBackup="false" />
9-->src\main\AndroidManifest.xml:3:5-47
9-->src\main\AndroidManifest.xml:3:18-45
10
11</manifest>